[debug] [2021-11-16T21:12:05.546Z] ----------------------------------------------------------------------
[debug] [2021-11-16T21:12:05.548Z] Command:       C:\Program Files\nodejs\node.exe C:\Users\jesse\AppData\Roaming\npm\node_modules\firebase-tools\lib\bin\firebase.js init
[debug] [2021-11-16T21:12:05.549Z] CLI Version:   9.22.0
[debug] [2021-11-16T21:12:05.549Z] Platform:      win32
[debug] [2021-11-16T21:12:05.549Z] Node Version:  v15.10.0
[debug] [2021-11-16T21:12:05.550Z] Time:          Tue Nov 16 2021 13:12:05 GMT-0800 (Pacific Standard Time)
[debug] [2021-11-16T21:12:05.550Z] ----------------------------------------------------------------------
[debug] 
[debug] [2021-11-16T21:12:05.612Z] > command requires scopes: ["email","openid","https://www.googleapis.com/auth/cloudplatformprojects.readonly","https://www.googleapis.com/auth/firebase","https://www.googleapis.com/auth/cloud-platform"]
[debug] [2021-11-16T21:12:05.612Z] > authorizing via signed-in user (jesse.white6@gmail.com)
[info] 
     ######## #### ########  ######## ########     ###     ######  ########
     ##        ##  ##     ## ##       ##     ##  ##   ##  ##       ##
     ######    ##  ########  ######   ########  #########  ######  ######
     ##        ##  ##    ##  ##       ##     ## ##     ##       ## ##
     ##       #### ##     ## ######## ########  ##     ##  ######  ########

You're about to initialize a Firebase project in this directory:

  C:\Users\jesse\OneDrive\Desktop\Projects\job-tracker

Before we get started, keep in mind:

  * You are initializing within an existing Firebase project directory

